<?xml version="1.0" encoding="UTF-8"?>
<testng-results ignored="0" total="1" passed="1" failed="0" skipped="0">
  <reporter-output>
  </reporter-output>
  <suite started-at="2025-01-17T21:27:54 IST" name="Default suite" finished-at="2025-01-17T21:28:03 IST" duration-ms="8897">
    <groups>
    </groups>
    <test started-at="2025-01-17T21:27:54 IST" name="Default test" finished-at="2025-01-17T21:28:03 IST" duration-ms="8897">
      <class name="pakage1.Maven_project.testcase1_loginpage">
        <test-method signature="loginwithcredentials()[pri:0, instance:pakage1.Maven_project.testcase1_loginpage@7ef82753]" started-at="2025-01-17T21:27:54 IST" name="loginwithcredentials" finished-at="2025-01-17T21:28:03 IST" duration-ms="8818" status="PASS">
          <reporter-output>
          </reporter-output>
        </test-method> <!-- loginwithcredentials -->
      </class> <!-- pakage1.Maven_project.testcase1_loginpage -->
    </test> <!-- Default test -->
  </suite> <!-- Default suite -->
</testng-results>
